// 重构日志: 7806d42e
// 重构日志: 0cf7f59c
// 重构日志: 94d08ec1
// 重构日志: 6988947b
// 重构日志: d0f51f51
// 重构日志: c16a74de
// 重构日志: 45620373
// 重构日志: df45e9b6
// 重构日志: 441d8e34
// 重构日志: 0140e029
// 重构日志: 103b73e9
// 同步 ID: c44e567d @ Wed Jul 15 13:15:58 UTC 2026
// 重构日志: e3409300
// 同步 ID: 0e50b9ad @ Fri Jul 17 17:29:34 UTC 2026
// 重构日志: 414a3d9a
// 同步 ID: 62dcd4e0 @ Sun Jul 19 04:53:35 UTC 2026
// 同步 ID: 654b3719 @ Sun Jul 19 13:03:49 UTC 2026
// 重构日志: 35df2d64
// 同步 ID: ddf124ca @ Mon Jul 20 12:19:18 UTC 2026
// 重构日志: 928671c6
// 同步 ID: 24bc2536 @ Tue Jul 21 12:52:50 UTC 2026
// 重构日志: a4b3ea34
